# JRE version: OpenJDK Runtime Environment (7.0_51) (build 1.7.0_51-b00)
# Java VM: OpenJDK Client VM (24.45-b08 mixed mode, sharing linux-x86 )
Heap
 def new generation   total 22016K, used 1248K [0x6f580000, 0x70d60000, 0x79c20000)
  eden space 19584K,   6% used [0x6f580000, 0x6f6b5db0, 0x708a0000)
  from space 2432K,   0% used [0x70b00000, 0x70b02440, 0x70d60000)
  to   space 2432K,   0% used [0x708a0000, 0x708a0000, 0x70b00000)
 tenured generation   total 48836K, used 43231K [0x79c20000, 0x7cbd1000, 0x8e980000)
   the space 48836K,  88% used [0x79c20000, 0x7c657c78, 0x7c657e00, 0x7cbd1000)
 compacting perm gen  total 20480K, used 20297K [0x8e980000, 0x8fd80000, 0x92980000)
   the space 20480K,  99% used [0x8e980000, 0x8fd525b0, 0x8fd52600, 0x8fd80000)
    ro space 10240K,  58% used [0x92980000, 0x92f5c810, 0x92f5ca00, 0x93380000)
    rw space 12288K,  59% used [0x93380000, 0x93a9ce58, 0x93a9d000, 0x93f80000)
GC Heap History (10 events):
Event: 159.579 GC heap before
{Heap before GC invocations=229 (full 3):
 def new generation   total 22016K, used 19600K [0x6f580000, 0x70d60000, 0x79c20000)
  eden space 19584K, 100% used [0x6f580000, 0x708a0000, 0x708a0000)
  from space 2432K,   0% used [0x708a0000, 0x708a4180, 0x70b00000)
  to   space 2432K,   0% used [0x70b00000, 0x70b00000, 0x70d60000)
 tenured generation   total 48836K, used 41385K [0x79c20000, 0x7cbd1000, 0x8e980000)
   the space 48836K,  84% used [0x79c20000, 0x7c48a7e0, 0x7c48a800, 0x7cbd1000)
 compacting perm gen  total 20480K, used 20271K [0x8e980000, 0x8fd80000, 0x92980000)
   the space 20480K,  98% used [0x8e980000, 0x8fd4bf28, 0x8fd4c000, 0x8fd80000)
    ro space 10240K,  58% used [0x92980000, 0x92f5c810, 0x92f5ca00, 0x93380000)
    rw space 12288K,  59% used [0x93380000, 0x93a9ce58, 0x93a9d000, 0x93f80000)
Event: 159.582 GC heap after
Heap after GC invocations=230 (full 3):
 def new generation   total 22016K, used 16K [0x6f580000, 0x70d60000, 0x79c20000)
  eden space 19584K,   0% used [0x6f580000, 0x6f580000, 0x708a0000)
  from space 2432K,   0% used [0x70b00000, 0x70b041c0, 0x70d60000)
  to   space 2432K,   0% used [0x708a0000, 0x708a0000, 0x70b00000)
 tenured generation   total 48836K, used 41385K [0x79c20000, 0x7cbd1000, 0x8e980000)
   the space 48836K,  84% used [0x79c20000, 0x7c48a7e0, 0x7c48a800, 0x7cbd1000)
 compacting perm gen  total 20480K, used 20271K [0x8e980000, 0x8fd80000, 0x92980000)
   the space 20480K,  98% used [0x8e980000, 0x8fd4bf28, 0x8fd4c000, 0x8fd80000)
    ro space 10240K,  58% used [0x92980000, 0x92f5c810, 0x92f5ca00, 0x93380000)
    rw space 12288K,  59% used [0x93380000, 0x93a9ce58, 0x93a9d000, 0x93f80000)
}
Event: 159.753 GC heap before
{Heap before GC invocations=230 (full 3):
 def new generation   total 22016K, used 19600K [0x6f580000, 0x70d60000, 0x79c20000)
  eden space 19584K, 100% used [0x6f580000, 0x708a0000, 0x708a0000)
  from space 2432K,   0% used [0x70b00000, 0x70b041c0, 0x70d60000)
  to   space 2432K,   0% used [0x708a0000, 0x708a0000, 0x70b00000)
 tenured generation   total 48836K, used 41385K [0x79c20000, 0x7cbd1000, 0x8e980000)
   the space 48836K,  84% used [0x79c20000, 0x7c48a7e0, 0x7c48a800, 0x7cbd1000)
 compacting perm gen  total 20480K, used 20271K [0x8e980000, 0x8fd80000, 0x92980000)
   the space 20480K,  98% used [0x8e980000, 0x8fd4bf28, 0x8fd4c000, 0x8fd80000)
    ro space 10240K,  58% used [0x92980000, 0x92f5c810, 0x92f5ca00, 0x93380000)
    rw space 12288K,  59% used [0x93380000, 0x93a9ce58, 0x93a9d000, 0x93f80000)
Event: 159.756 GC heap after
Heap after GC invocations=231 (full 3):
 def new generation   total 22016K, used 1861K [0x6f580000, 0x70d60000, 0x79c20000)
  eden space 19584K,   0% used [0x6f580000, 0x6f580000, 0x708a0000)
  from space 2432K,  76% used [0x708a0000, 0x70a71618, 0x70b00000)
  to   space 2432K,   0% used [0x70b00000, 0x70b00000, 0x70d60000)
 tenured generation   total 48836K, used 41385K [0x79c20000, 0x7cbd1000, 0x8e980000)
   the space 48836K,  84% used [0x79c20000, 0x7c48a7e0, 0x7c48a800, 0x7cbd1000)
 compacting perm gen  total 20480K, used 20271K [0x8e980000, 0x8fd80000, 0x92980000)
   the space 20480K,  98% used [0x8e980000, 0x8fd4bf28, 0x8fd4c000, 0x8fd80000)
    ro space 10240K,  58% used [0x92980000, 0x92f5c810, 0x92f5ca00, 0x93380000)
    rw space 12288K,  59% used [0x93380000, 0x93a9ce58, 0x93a9d000, 0x93f80000)
}
Event: 159.953 GC heap before
{Heap before GC invocations=231 (full 3):
 def new generation   total 22016K, used 21445K [0x6f580000, 0x70d60000, 0x79c20000)
  eden space 19584K, 100% used [0x6f580000, 0x708a0000, 0x708a0000)
  from space 2432K,  76% used [0x708a0000, 0x70a71618, 0x70b00000)
  to   space 2432K,   0% used [0x70b00000, 0x70b00000, 0x70d60000)
 tenured generation   total 48836K, used 41385K [0x79c20000, 0x7cbd1000, 0x8e980000)
   the space 48836K,  84% used [0x79c20000, 0x7c48a7e0, 0x7c48a800, 0x7cbd1000)
 compacting perm gen  total 20480K, used 20271K [0x8e980000, 0x8fd80000, 0x92980000)
   the space 20480K,  98% used [0x8e980000, 0x8fd4bf28, 0x8fd4c000, 0x8fd80000)
    ro space 10240K,  58% used [0x92980000, 0x92f5c810, 0x92f5ca00, 0x93380000)
    rw space 12288K,  59% used [0x93380000, 0x93a9ce58, 0x93a9d000, 0x93f80000)
Event: 159.958 GC heap after
Heap after GC invocations=232 (full 3):
 def new generation   total 22016K, used 16K [0x6f580000, 0x70d60000, 0x79c20000)
  eden space 19584K,   0% used [0x6f580000, 0x6f580000, 0x708a0000)
  from space 2432K,   0% used [0x70b00000, 0x70b04180, 0x70d60000)
  to   space 2432K,   0% used [0x708a0000, 0x708a0000, 0x70b00000)
 tenured generation   total 48836K, used 43231K [0x79c20000, 0x7cbd1000, 0x8e980000)
   the space 48836K,  88% used [0x79c20000, 0x7c657c78, 0x7c657e00, 0x7cbd1000)
 compacting perm gen  total 20480K, used 20271K [0x8e980000, 0x8fd80000, 0x92980000)
   the space 20480K,  98% used [0x8e980000, 0x8fd4bf28, 0x8fd4c000, 0x8fd80000)
    ro space 10240K,  58% used [0x92980000, 0x92f5c810, 0x92f5ca00, 0x93380000)
    rw space 12288K,  59% used [0x93380000, 0x93a9ce58, 0x93a9d000, 0x93f80000)
}
Event: 160.155 GC heap before
{Heap before GC invocations=232 (full 3):
 def new generation   total 22016K, used 19600K [0x6f580000, 0x70d60000, 0x79c20000)
  eden space 19584K, 100% used [0x6f580000, 0x708a0000, 0x708a0000)
  from space 2432K,   0% used [0x70b00000, 0x70b04180, 0x70d60000)
  to   space 2432K,   0% used [0x708a0000, 0x708a0000, 0x70b00000)
 tenured generation   total 48836K, used 43231K [0x79c20000, 0x7cbd1000, 0x8e980000)
   the space 48836K,  88% used [0x79c20000, 0x7c657c78, 0x7c657e00, 0x7cbd1000)
 compacting perm gen  total 20480K, used 20271K [0x8e980000, 0x8fd80000, 0x92980000)
   the space 20480K,  98% used [0x8e980000, 0x8fd4bf28, 0x8fd4c000, 0x8fd80000)
    ro space 10240K,  58% used [0x92980000, 0x92f5c810, 0x92f5ca00, 0x93380000)
    rw space 12288K,  59% used [0x93380000, 0x93a9ce58, 0x93a9d000, 0x93f80000)
Event: 160.157 GC heap after
Heap after GC invocations=233 (full 3):
 def new generation   total 22016K, used 16K [0x6f580000, 0x70d60000, 0x79c20000)
  eden space 19584K,   0% used [0x6f580000, 0x6f580000, 0x708a0000)
  from space 2432K,   0% used [0x708a0000, 0x708a4180, 0x70b00000)
  to   space 2432K,   0% used [0x70b00000, 0x70b00000, 0x70d60000)
 tenured generation   total 48836K, used 43231K [0x79c20000, 0x7cbd1000, 0x8e980000)
   the space 48836K,  88% used [0x79c20000, 0x7c657c78, 0x7c657e00, 0x7cbd1000)
 compacting perm gen  total 20480K, used 20271K [0x8e980000, 0x8fd80000, 0x92980000)
   the space 20480K,  98% used [0x8e980000, 0x8fd4bf28, 0x8fd4c000, 0x8fd80000)
    ro space 10240K,  58% used [0x92980000, 0x92f5c810, 0x92f5ca00, 0x93380000)
    rw space 12288K,  59% used [0x93380000, 0x93a9ce58, 0x93a9d000, 0x93f80000)
}
Event: 160.351 GC heap before
{Heap before GC invocations=233 (full 3):
 def new generation   total 22016K, used 19596K [0x6f580000, 0x70d60000, 0x79c20000)
  eden space 19584K,  99% used [0x6f580000, 0x7089f218, 0x708a0000)
  from space 2432K,   0% used [0x708a0000, 0x708a4180, 0x70b00000)
  to   space 2432K,   0% used [0x70b00000, 0x70b00000, 0x70d60000)
 tenured generation   total 48836K, used 43231K [0x79c20000, 0x7cbd1000, 0x8e980000)
   the space 48836K,  88% used [0x79c20000, 0x7c657c78, 0x7c657e00, 0x7cbd1000)
 compacting perm gen  total 20480K, used 20271K [0x8e980000, 0x8fd80000, 0x92980000)
   the space 20480K,  98% used [0x8e980000, 0x8fd4bf28, 0x8fd4c000, 0x8fd80000)
    ro space 10240K,  58% used [0x92980000, 0x92f5c810, 0x92f5ca00, 0x93380000)
    rw space 12288K,  59% used [0x93380000, 0x93a9ce58, 0x93a9d000, 0x93f80000)
Event: 160.371 GC heap after
Heap after GC invocations=234 (full 3):
 def new generation   total 22016K, used 9K [0x6f580000, 0x70d60000, 0x79c20000)
  eden space 19584K,   0% used [0x6f580000, 0x6f580000, 0x708a0000)
  from space 2432K,   0% used [0x70b00000, 0x70b02440, 0x70d60000)
  to   space 2432K,   0% used [0x708a0000, 0x708a0000, 0x70b00000)
 tenured generation   total 48836K, used 43231K [0x79c20000, 0x7cbd1000, 0x8e980000)
   the space 48836K,  88% used [0x79c20000, 0x7c657c78, 0x7c657e00, 0x7cbd1000)
 compacting perm gen  total 20480K, used 20271K [0x8e980000, 0x8fd80000, 0x92980000)
   the space 20480K,  98% used [0x8e980000, 0x8fd4bf28, 0x8fd4c000, 0x8fd80000)
    ro space 10240K,  58% used [0x92980000, 0x92f5c810, 0x92f5ca00, 0x93380000)
    rw space 12288K,  59% used [0x93380000, 0x93a9ce58, 0x93a9d000, 0x93f80000)
}

